<?xml version="1.0" encoding="UTF-8"?>
<testng-results ignored="0" total="1" passed="1" failed="0" skipped="0">
  <reporter-output>
  </reporter-output>
  <suite started-at="2025-12-18T23:08:33 IST" name="Default suite" finished-at="2025-12-18T23:08:55 IST" duration-ms="22020">
    <groups>
    </groups>
    <test started-at="2025-12-18T23:08:33 IST" name="Default test" finished-at="2025-12-18T23:08:55 IST" duration-ms="22020">
      <class name="com.playwright.test1.CrossBrowser_Testing">
        <test-method is-config="true" signature="setup(java.lang.String)[pri:0, instance:com.playwright.test1.CrossBrowser_Testing@75d4a5c2]" started-at="2025-12-18T23:08:33 IST" name="setup" finished-at="2025-12-18T23:08:47 IST" duration-ms="14876" status="PASS">
          <params>
            <param index="0">
              <value>
                <![CDATA[Firefox]]>
              </value>
            </param>
          </params>
          <reporter-output>
          </reporter-output>
        </test-method> <!-- setup -->
        <test-method signature="login()[pri:0, instance:com.playwright.test1.CrossBrowser_Testing@75d4a5c2]" started-at="2025-12-18T23:08:47 IST" name="login" finished-at="2025-12-18T23:08:54 IST" duration-ms="7015" status="PASS">
          <reporter-output>
          </reporter-output>
        </test-method> <!-- login -->
        <test-method is-config="true" signature="teardown()[pri:0, instance:com.playwright.test1.CrossBrowser_Testing@75d4a5c2]" started-at="2025-12-18T23:08:54 IST" name="teardown" finished-at="2025-12-18T23:08:55 IST" duration-ms="53" status="PASS">
          <reporter-output>
          </reporter-output>
        </test-method> <!-- teardown -->
      </class> <!-- com.playwright.test1.CrossBrowser_Testing -->
    </test> <!-- Default test -->
  </suite> <!-- Default suite -->
</testng-results>
